Release 12.2 - xst M.63c (nt64)
Copyright (c) 1995-2010 Xilinx, Inc.  All rights reserved.
--> Parameter TMPDIR set to xst/projnav.tmp


Total REAL time to Xst completion: 1.00 secs
Total CPU time to Xst completion: 0.32 secs
 
--> Parameter xsthdpdir set to xst


Total REAL time to Xst completion: 1.00 secs
Total CPU time to Xst completion: 0.32 secs
 
--> Reading design: topLevel.prj

TABLE OF CONTENTS
  1) Synthesis Options Summary
  2) HDL Compilation
  3) Design Hierarchy Analysis
  4) HDL Analysis
  5) HDL Synthesis
     5.1) HDL Synthesis Report
  6) Advanced HDL Synthesis
     6.1) Advanced HDL Synthesis Report
  7) Low Level Synthesis
  8) Partition Report
  9) Final Report
	9.1) Device utilization summary
	9.2) Partition Resource Summary
	9.3) TIMING REPORT


=========================================================================
*                      Synthesis Options Summary                        *
=========================================================================
---- Source Parameters
Input File Name                    : "topLevel.prj"
Input Format                       : mixed
Ignore Synthesis Constraint File   : NO

---- Target Parameters
Output File Name                   : "topLevel"
Output Format                      : NGC
Target Device                      : xc3s500e-5-fg320

---- Source Options
Top Module Name                    : topLevel
Automatic FSM Extraction           : YES
FSM Encoding Algorithm             : Auto
Safe Implementation                : No
FSM Style                          : LUT
RAM Extraction                     : Yes
RAM Style                          : Auto
ROM Extraction                     : Yes
Mux Style                          : Auto
Decoder Extraction                 : YES
Priority Encoder Extraction        : Yes
Shift Register Extraction          : YES
Logical Shifter Extraction         : YES
XOR Collapsing                     : YES
ROM Style                          : Auto
Mux Extraction                     : Yes
Resource Sharing                   : YES
Asynchronous To Synchronous        : NO
Multiplier Style                   : Auto
Automatic Register Balancing       : No

---- Target Options
Add IO Buffers                     : YES
Global Maximum Fanout              : 500
Add Generic Clock Buffer(BUFG)     : 24
Register Duplication               : YES
Slice Packing                      : YES
Optimize Instantiated Primitives   : NO
Use Clock Enable                   : Yes
Use Synchronous Set                : Yes
Use Synchronous Reset              : Yes
Pack IO Registers into IOBs        : Auto
Equivalent register Removal        : YES

---- General Options
Optimization Goal                  : Speed
Optimization Effort                : 1
Keep Hierarchy                     : No
Netlist Hierarchy                  : As_Optimized
RTL Output                         : Yes
Global Optimization                : AllClockNets
Read Cores                         : YES
Write Timing Constraints           : NO
Cross Clock Analysis               : NO
Hierarchy Separator                : /
Bus Delimiter                      : <>
Case Specifier                     : Maintain
Slice Utilization Ratio            : 100
BRAM Utilization Ratio             : 100
Verilog 2001                       : YES
Auto BRAM Packing                  : NO
Slice Utilization Ratio Delta      : 5

=========================================================================


=========================================================================
*                          HDL Compilation                              *
=========================================================================
Compiling verilog file "reg16.v" in library work
Compiling verilog file "decoder_3_to_8.v" in library work
Module <reg16> compiled
Compiling verilog file "register_file.v" in library work
Module <decoder_3_to_8> compiled
Compiling verilog file "led_controller.v" in library work
Module <register_file> compiled
Compiling verilog file "led_clk.v" in library work
Module <led_controller> compiled
Compiling verilog file "Hex_to_7seg.v" in library work
Module <led_clk> compiled
Compiling verilog file "alu.v" in library work
Module <Hex_to_7seg> compiled
Compiling verilog file "ad_mux.v" in library work
Module <alu> compiled
Compiling verilog file "integer_datapath.v" in library work
Module <ad_mux> compiled
Compiling verilog file "display_controller.v" in library work
Module <integer_datapath> compiled
Compiling verilog file "debounce.v" in library work
Module <display_controller> compiled
Compiling verilog file "topLevel.v" in library work
Module <debounce> compiled
Module <topLevel> compiled
No errors in compilation
Analysis of file <"topLevel.prj"> succeeded.
 

=========================================================================
*                     Design Hierarchy Analysis                         *
=========================================================================
WARNING:Xst:2616 - "topLevel.v" line 25: Name conflict. (<C> and <c>, renaming C as C_rnm0).
Analyzing hierarchy for module <topLevel> in library <work>.

Analyzing hierarchy for module <debounce> in library <work>.

Analyzing hierarchy for module <integer_datapath> in library <work>.

Analyzing hierarchy for module <display_controller> in library <work>.

Analyzing hierarchy for module <register_file> in library <work>.

Analyzing hierarchy for module <alu> in library <work>.

Analyzing hierarchy for module <led_clk> in library <work>.

Analyzing hierarchy for module <led_controller> in library <work>.

Analyzing hierarchy for module <ad_mux> in library <work>.

Analyzing hierarchy for module <Hex_to_7seg> in library <work>.

Analyzing hierarchy for module <reg16> in library <work>.

Analyzing hierarchy for module <decoder_3_to_8> in library <work>.


=========================================================================
*                            HDL Analysis                               *
=========================================================================
Analyzing top module <topLevel>.
WARNING:Xst:863 - "topLevel.v" line 25: Name conflict (<C> and <c>, renaming C as c_rnm0).
Module <topLevel> is correct for synthesis.
 
Analyzing module <debounce> in library <work>.
Module <debounce> is correct for synthesis.
 
Analyzing module <integer_datapath> in library <work>.
Module <integer_datapath> is correct for synthesis.
 
Analyzing module <register_file> in library <work>.
Module <register_file> is correct for synthesis.
 
Analyzing module <reg16> in library <work>.
Module <reg16> is correct for synthesis.
 
Analyzing module <decoder_3_to_8> in library <work>.
Module <decoder_3_to_8> is correct for synthesis.
 
Analyzing module <alu> in library <work>.
WARNING:Xst:905 - "alu.v" line 25: One or more signals are missing in the sensitivity list of always block. To enable synthesis of FPGA/CPLD hardware, XST will assume that all necessary signals are present in the sensitivity list. Please note that the result of the synthesis may differ from the initial design specification. The missing signals are:
   <Y>
Module <alu> is correct for synthesis.
 
Analyzing module <display_controller> in library <work>.
Module <display_controller> is correct for synthesis.
 
Analyzing module <led_clk> in library <work>.
Module <led_clk> is correct for synthesis.
 
Analyzing module <led_controller> in library <work>.
Module <led_controller> is correct for synthesis.
 
Analyzing module <ad_mux> in library <work>.
Module <ad_mux> is correct for synthesis.
 
Analyzing module <Hex_to_7seg> in library <work>.
Module <Hex_to_7seg> is correct for synthesis.
 

=========================================================================
*                           HDL Synthesis                               *
=========================================================================

Performing bidirectional port resolution...

Synthesizing Unit <debounce>.
    Related source file is "debounce.v".
    Found 1-bit register for signal <q0>.
    Found 1-bit register for signal <q1>.
    Found 1-bit register for signal <q2>.
    Found 1-bit register for signal <q3>.
    Found 1-bit register for signal <q4>.
    Found 1-bit register for signal <q5>.
    Found 1-bit register for signal <q6>.
    Found 1-bit register for signal <q7>.
    Found 1-bit register for signal <q8>.
    Found 1-bit register for signal <q9>.
    Summary:
	inferred  10 D-type flip-flop(s).
Unit <debounce> synthesized.


Synthesizing Unit <alu>.
    Related source file is "alu.v".
    Found 1-bit 16-to-1 multiplexer for signal <C>.
    Found 16-bit adder carry out for signal <AUX_3$addsub0000>.
    Found 16-bit adder carry out for signal <AUX_5$addsub0000>.
    Found 16-bit adder for signal <C$sub0000> created at line 45.
    Found 16-bit xor2 for signal <C$xor0000> created at line 43.
    Summary:
	inferred   5 Adder/Subtractor(s).
	inferred  17 Multiplexer(s).
Unit <alu> synthesized.


Synthesizing Unit <reg16>.
    Related source file is "reg16.v".
    Found 16-bit tristate buffer for signal <DA>.
    Found 16-bit tristate buffer for signal <DB>.
    Found 16-bit register for signal <Dout>.
    Summary:
	inferred  16 D-type flip-flop(s).
	inferred  32 Tristate(s).
Unit <reg16> synthesized.


Synthesizing Unit <decoder_3_to_8>.
    Related source file is "decoder_3_to_8.v".
Unit <decoder_3_to_8> synthesized.


Synthesizing Unit <led_clk>.
    Related source file is "led_clk.v".
    Found 1-bit register for signal <clk_out>.
    Found 16-bit up counter for signal <count>.
    Found 16-bit comparator greatequal for signal <count$cmp_ge0000> created at line 34.
    Summary:
	inferred   1 Counter(s).
	inferred   1 D-type flip-flop(s).
	inferred   1 Comparator(s).
Unit <led_clk> synthesized.


Synthesizing Unit <led_controller>.
    Related source file is "led_controller.v".
INFO:Xst:2117 - HDL ADVISOR - Mux Selector <present_state> of Case statement line 107 was re-encoded using one-hot encoding. The case statement will be optimized (default statement optimization), but this optimization may lead to design initialization problems. To ensure the design works safely, you can:
   	- add an 'INIT' attribute on signal <present_state> (optimization is then done without any risk)
   	- use the attribute 'signal_encoding user' to avoid onehot optimization
   	- use the attribute 'safe_implementation yes' to force XST to perform a safe (but less efficient) optimization
    Found finite state machine <FSM_0> for signal <present_state>.
    -----------------------------------------------------------------------
    | States             | 4                                              |
    | Transitions        | 4                                              |
    | Inputs             | 0                                              |
    | Outputs            | 6                                              |
    | Clock              | clk                       (rising_edge)        |
    | Reset              | reset                     (positive)           |
    | Reset type         | asynchronous                                   |
    | Reset State        | 00                                             |
    | Encoding           | automatic                                      |
    | Implementation     | LUT                                            |
    -----------------------------------------------------------------------
    Summary:
	inferred   1 Finite State Machine(s).
Unit <led_controller> synthesized.


Synthesizing Unit <ad_mux>.
    Related source file is "ad_mux.v".
    Found 4-bit 4-to-1 multiplexer for signal <ad_out>.
    Summary:
	inferred   4 Multiplexer(s).
Unit <ad_mux> synthesized.


Synthesizing Unit <Hex_to_7seg>.
    Related source file is "Hex_to_7seg.v".
    Found 16x7-bit ROM for signal <hex$rom0000>.
    Summary:
	inferred   1 ROM(s).
Unit <Hex_to_7seg> synthesized.


Synthesizing Unit <display_controller>.
    Related source file is "display_controller.v".
Unit <display_controller> synthesized.


Synthesizing Unit <register_file>.
    Related source file is "register_file.v".
Unit <register_file> synthesized.


Synthesizing Unit <integer_datapath>.
    Related source file is "integer_datapath.v".
Unit <integer_datapath> synthesized.


Synthesizing Unit <topLevel>.
    Related source file is "topLevel.v".
WARNING:Xst:646 - Signal <reg_out<7:0>> is assigned but never used. This unconnected signal will be trimmed during the optimization process.
WARNING:Xst:646 - Signal <alu_out<15:8>> is assigned but never used. This unconnected signal will be trimmed during the optimization process.
Unit <topLevel> synthesized.


=========================================================================
HDL Synthesis Report

Macro Statistics
# ROMs                                                 : 1
 16x7-bit ROM                                          : 1
# Adders/Subtractors                                   : 5
 16-bit adder                                          : 1
 16-bit adder carry out                                : 2
 17-bit subtractor                                     : 2
# Counters                                             : 1
 16-bit up counter                                     : 1
# Registers                                            : 19
 1-bit register                                        : 11
 16-bit register                                       : 8
# Comparators                                          : 1
 16-bit comparator greatequal                          : 1
# Multiplexers                                         : 3
 1-bit 16-to-1 multiplexer                             : 1
 16-bit 16-to-1 multiplexer                            : 1
 4-bit 4-to-1 multiplexer                              : 1
# Tristates                                            : 16
 16-bit tristate buffer                                : 16
# Xors                                                 : 1
 16-bit xor2                                           : 1

=========================================================================

=========================================================================
*                       Advanced HDL Synthesis                          *
=========================================================================

Analyzing FSM <FSM_0> for best encoding.
Optimizing FSM <display/LED_contr/present_state/FSM> on signal <present_state[1:4]> with one-hot encoding.
-------------------
 State | Encoding
-------------------
 00    | 0001
 01    | 0010
 10    | 0100
 11    | 1000
-------------------
WARNING:Xst:1710 - FF/Latch <Dout_0> (without init value) has a constant value of 0 in block <R5>. This FF/Latch will be trimmed during the optimization process.
WARNING:Xst:1710 - FF/Latch <Dout_1> (without init value) has a constant value of 0 in block <R5>. This FF/Latch will be trimmed during the optimization process.
WARNING:Xst:1710 - FF/Latch <Dout_2> (without init value) has a constant value of 0 in block <R5>. This FF/Latch will be trimmed during the optimization process.
WARNING:Xst:1710 - FF/Latch <Dout_3> (without init value) has a constant value of 0 in block <R5>. This FF/Latch will be trimmed during the optimization process.
WARNING:Xst:1710 - FF/Latch <Dout_4> (without init value) has a constant value of 0 in block <R5>. This FF/Latch will be trimmed during the optimization process.
WARNING:Xst:1710 - FF/Latch <Dout_5> (without init value) has a constant value of 0 in block <R5>. This FF/Latch will be trimmed during the optimization process.
WARNING:Xst:1710 - FF/Latch <Dout_6> (without init value) has a constant value of 0 in block <R5>. This FF/Latch will be trimmed during the optimization process.
WARNING:Xst:1710 - FF/Latch <Dout_7> (without init value) has a constant value of 0 in block <R5>. This FF/Latch will be trimmed during the optimization process.
WARNING:Xst:1710 - FF/Latch <Dout_8> (without init value) has a constant value of 0 in block <R5>. This FF/Latch will be trimmed during the optimization process.
WARNING:Xst:1710 - FF/Latch <Dout_9> (without init value) has a constant value of 0 in block <R5>. This FF/Latch will be trimmed during the optimization process.
WARNING:Xst:1710 - FF/Latch <Dout_10> (without init value) has a constant value of 0 in block <R5>. This FF/Latch will be trimmed during the optimization process.
WARNING:Xst:1710 - FF/Latch <Dout_11> (without init value) has a constant value of 0 in block <R5>. This FF/Latch will be trimmed during the optimization process.
WARNING:Xst:1710 - FF/Latch <Dout_12> (without init value) has a constant value of 0 in block <R5>. This FF/Latch will be trimmed during the optimization process.
WARNING:Xst:1710 - FF/Latch <Dout_13> (without init value) has a constant value of 0 in block <R5>. This FF/Latch will be trimmed during the optimization process.
WARNING:Xst:1710 - FF/Latch <Dout_14> (without init value) has a constant value of 0 in block <R5>. This FF/Latch will be trimmed during the optimization process.
WARNING:Xst:1710 - FF/Latch <Dout_15> (without init value) has a constant value of 0 in block <R5>. This FF/Latch will be trimmed during the optimization process.
WARNING:Xst:1710 - FF/Latch <Dout_0> (without init value) has a constant value of 0 in block <R4>. This FF/Latch will be trimmed during the optimization process.
WARNING:Xst:1710 - FF/Latch <Dout_1> (without init value) has a constant value of 0 in block <R4>. This FF/Latch will be trimmed during the optimization process.
WARNING:Xst:1710 - FF/Latch <Dout_2> (without init value) has a constant value of 0 in block <R4>. This FF/Latch will be trimmed during the optimization process.
WARNING:Xst:1710 - FF/Latch <Dout_3> (without init value) has a constant value of 0 in block <R4>. This FF/Latch will be trimmed during the optimization process.
WARNING:Xst:1710 - FF/Latch <Dout_4> (without init value) has a constant value of 0 in block <R4>. This FF/Latch will be trimmed during the optimization process.
WARNING:Xst:1710 - FF/Latch <Dout_5> (without init value) has a constant value of 0 in block <R4>. This FF/Latch will be trimmed during the optimization process.
WARNING:Xst:1710 - FF/Latch <Dout_6> (without init value) has a constant value of 0 in block <R4>. This FF/Latch will be trimmed during the optimization process.
WARNING:Xst:1710 - FF/Latch <Dout_7> (without init value) has a constant value of 0 in block <R4>. This FF/Latch will be trimmed during the optimization process.
WARNING:Xst:1710 - FF/Latch <Dout_8> (without init value) has a constant value of 0 in block <R4>. This FF/Latch will be trimmed during the optimization process.
WARNING:Xst:1710 - FF/Latch <Dout_9> (without init value) has a constant value of 0 in block <R4>. This FF/Latch will be trimmed during the optimization process.
WARNING:Xst:1710 - FF/Latch <Dout_10> (without init value) has a constant value of 0 in block <R4>. This FF/Latch will be trimmed during the optimization process.
WARNING:Xst:1710 - FF/Latch <Dout_11> (without init value) has a constant value of 0 in block <R4>. This FF/Latch will be trimmed during the optimization process.
WARNING:Xst:1710 - FF/Latch <Dout_12> (without init value) has a constant value of 0 in block <R4>. This FF/Latch will be trimmed during the optimization process.
WARNING:Xst:1710 - FF/Latch <Dout_13> (without init value) has a constant value of 0 in block <R4>. This FF/Latch will be trimmed during the optimization process.
WARNING:Xst:1710 - FF/Latch <Dout_14> (without init value) has a constant value of 0 in block <R4>. This FF/Latch will be trimmed during the optimization process.
WARNING:Xst:1710 - FF/Latch <Dout_15> (without init value) has a constant value of 0 in block <R4>. This FF/Latch will be trimmed during the optimization process.
WARNING:Xst:1710 - FF/Latch <Dout_0> (without init value) has a constant value of 0 in block <R7>. This FF/Latch will be trimmed during the optimization process.
WARNING:Xst:1710 - FF/Latch <Dout_1> (without init value) has a constant value of 0 in block <R7>. This FF/Latch will be trimmed during the optimization process.
WARNING:Xst:1710 - FF/Latch <Dout_2> (without init value) has a constant value of 0 in block <R7>. This FF/Latch will be trimmed during the optimization process.
WARNING:Xst:1710 - FF/Latch <Dout_3> (without init value) has a constant value of 0 in block <R7>. This FF/Latch will be trimmed during the optimization process.
WARNING:Xst:1710 - FF/Latch <Dout_4> (without init value) has a constant value of 0 in block <R7>. This FF/Latch will be trimmed during the optimization process.
WARNING:Xst:1710 - FF/Latch <Dout_5> (without init value) has a constant value of 0 in block <R7>. This FF/Latch will be trimmed during the optimization process.
WARNING:Xst:1710 - FF/Latch <Dout_6> (without init value) has a constant value of 0 in block <R7>. This FF/Latch will be trimmed during the optimization process.
WARNING:Xst:1710 - FF/Latch <Dout_7> (without init value) has a constant value of 0 in block <R7>. This FF/Latch will be trimmed during the optimization process.
WARNING:Xst:1710 - FF/Latch <Dout_8> (without init value) has a constant value of 0 in block <R7>. This FF/Latch will be trimmed during the optimization process.
WARNING:Xst:1710 - FF/Latch <Dout_9> (without init value) has a constant value of 0 in block <R7>. This FF/Latch will be trimmed during the optimization process.
WARNING:Xst:1710 - FF/Latch <Dout_10> (without init value) has a constant value of 0 in block <R7>. This FF/Latch will be trimmed during the optimization process.
WARNING:Xst:1710 - FF/Latch <Dout_11> (without init value) has a constant value of 0 in block <R7>. This FF/Latch will be trimmed during the optimization process.
WARNING:Xst:1710 - FF/Latch <Dout_12> (without init value) has a constant value of 0 in block <R7>. This FF/Latch will be trimmed during the optimization process.
WARNING:Xst:1710 - FF/Latch <Dout_13> (without init value) has a constant value of 0 in block <R7>. This FF/Latch will be trimmed during the optimization process.
WARNING:Xst:1710 - FF/Latch <Dout_14> (without init value) has a constant value of 0 in block <R7>. This FF/Latch will be trimmed during the optimization process.
WARNING:Xst:1710 - FF/Latch <Dout_15> (without init value) has a constant value of 0 in block <R7>. This FF/Latch will be trimmed during the optimization process.
WARNING:Xst:1710 - FF/Latch <Dout_0> (without init value) has a constant value of 0 in block <R6>. This FF/Latch will be trimmed during the optimization process.
WARNING:Xst:1710 - FF/Latch <Dout_1> (without init value) has a constant value of 0 in block <R6>. This FF/Latch will be trimmed during the optimization process.
WARNING:Xst:1710 - FF/Latch <Dout_2> (without init value) has a constant value of 0 in block <R6>. This FF/Latch will be trimmed during the optimization process.
WARNING:Xst:1710 - FF/Latch <Dout_3> (without init value) has a constant value of 0 in block <R6>. This FF/Latch will be trimmed during the optimization process.
WARNING:Xst:1710 - FF/Latch <Dout_4> (without init value) has a constant value of 0 in block <R6>. This FF/Latch will be trimmed during the optimization process.
WARNING:Xst:1710 - FF/Latch <Dout_5> (without init value) has a constant value of 0 in block <R6>. This FF/Latch will be trimmed during the optimization process.
WARNING:Xst:1710 - FF/Latch <Dout_6> (without init value) has a constant value of 0 in block <R6>. This FF/Latch will be trimmed during the optimization process.
WARNING:Xst:1710 - FF/Latch <Dout_7> (without init value) has a constant value of 0 in block <R6>. This FF/Latch will be trimmed during the optimization process.
WARNING:Xst:1710 - FF/Latch <Dout_8> (without init value) has a constant value of 0 in block <R6>. This FF/Latch will be trimmed during the optimization process.
WARNING:Xst:1710 - FF/Latch <Dout_9> (without init value) has a constant value of 0 in block <R6>. This FF/Latch will be trimmed during the optimization process.
WARNING:Xst:1710 - FF/Latch <Dout_10> (without init value) has a constant value of 0 in block <R6>. This FF/Latch will be trimmed during the optimization process.
WARNING:Xst:1710 - FF/Latch <Dout_11> (without init value) has a constant value of 0 in block <R6>. This FF/Latch will be trimmed during the optimization process.
WARNING:Xst:1710 - FF/Latch <Dout_12> (without init value) has a constant value of 0 in block <R6>. This FF/Latch will be trimmed during the optimization process.
WARNING:Xst:1710 - FF/Latch <Dout_13> (without init value) has a constant value of 0 in block <R6>. This FF/Latch will be trimmed during the optimization process.
WARNING:Xst:1710 - FF/Latch <Dout_14> (without init value) has a constant value of 0 in block <R6>. This FF/Latch will be trimmed during the optimization process.
WARNING:Xst:1710 - FF/Latch <Dout_15> (without init value) has a constant value of 0 in block <R6>. This FF/Latch will be trimmed during the optimization process.

=========================================================================
Advanced HDL Synthesis Report

Macro Statistics
# FSMs                                                 : 1
# ROMs                                                 : 1
 16x7-bit ROM                                          : 1
# Adders/Subtractors                                   : 5
 16-bit adder                                          : 1
 16-bit adder carry out                                : 2
 17-bit subtractor                                     : 2
# Counters                                             : 1
 16-bit up counter                                     : 1
# Registers                                            : 139
 Flip-Flops                                            : 139
# Comparators                                          : 1
 16-bit comparator greatequal                          : 1
# Multiplexers                                         : 3
 1-bit 16-to-1 multiplexer                             : 1
 16-bit 16-to-1 multiplexer                            : 1
 4-bit 4-to-1 multiplexer                              : 1
# Xors                                                 : 1
 16-bit xor2                                           : 1

=========================================================================

=========================================================================
*                         Low Level Synthesis                           *
=========================================================================
WARNING:Xst:2040 - Unit register_file: 32 multi-source signals are replaced by logic (pull-up yes): R<0>, R<10>, R<11>, R<12>, R<13>, R<14>, R<15>, R<1>, R<2>, R<3>, R<4>, R<5>, R<6>, R<7>, R<8>, R<9>, S<0>, S<10>, S<11>, S<12>, S<13>, S<14>, S<15>, S<1>, S<2>, S<3>, S<4>, S<5>, S<6>, S<7>, S<8>, S<9>.

Optimizing unit <topLevel> ...

Optimizing unit <debounce> ...

Optimizing unit <alu> ...

Optimizing unit <register_file> ...

Optimizing unit <integer_datapath> ...
WARNING:Xst:1710 - FF/Latch <intData/regi/R6/Dout_15> (without init value) has a constant value of 0 in block <topLevel>. This FF/Latch will be trimmed during the optimization process.
WARNING:Xst:1895 - Due to other FF/Latch trimming, FF/Latch <intData/regi/R6/Dout_14> (without init value) has a constant value of 0 in block <topLevel>. This FF/Latch will be trimmed during the optimization process.
WARNING:Xst:1895 - Due to other FF/Latch trimming, FF/Latch <intData/regi/R6/Dout_13> (without init value) has a constant value of 0 in block <topLevel>. This FF/Latch will be trimmed during the optimization process.
WARNING:Xst:1895 - Due to other FF/Latch trimming, FF/Latch <intData/regi/R6/Dout_12> (without init value) has a constant value of 0 in block <topLevel>. This FF/Latch will be trimmed during the optimization process.
WARNING:Xst:1895 - Due to other FF/Latch trimming, FF/Latch <intData/regi/R6/Dout_11> (without init value) has a constant value of 0 in block <topLevel>. This FF/Latch will be trimmed during the optimization process.
WARNING:Xst:1895 - Due to other FF/Latch trimming, FF/Latch <intData/regi/R6/Dout_10> (without init value) has a constant value of 0 in block <topLevel>. This FF/Latch will be trimmed during the optimization process.
WARNING:Xst:1895 - Due to other FF/Latch trimming, FF/Latch <intData/regi/R6/Dout_9> (without init value) has a constant value of 0 in block <topLevel>. This FF/Latch will be trimmed during the optimization process.
WARNING:Xst:1895 - Due to other FF/Latch trimming, FF/Latch <intData/regi/R6/Dout_8> (without init value) has a constant value of 0 in block <topLevel>. This FF/Latch will be trimmed during the optimization process.
WARNING:Xst:1895 - Due to other FF/Latch trimming, FF/Latch <intData/regi/R6/Dout_7> (without init value) has a constant value of 0 in block <topLevel>. This FF/Latch will be trimmed during the optimization process.
WARNING:Xst:1895 - Due to other FF/Latch trimming, FF/Latch <intData/regi/R6/Dout_6> (without init value) has a constant value of 0 in block <topLevel>. This FF/Latch will be trimmed during the optimization process.
WARNING:Xst:1895 - Due to other FF/Latch trimming, FF/Latch <intData/regi/R6/Dout_5> (without init value) has a constant value of 0 in block <topLevel>. This FF/Latch will be trimmed during the optimization process.
WARNING:Xst:1895 - Due to other FF/Latch trimming, FF/Latch <intData/regi/R6/Dout_4> (without init value) has a constant value of 0 in block <topLevel>. This FF/Latch will be trimmed during the optimization process.
WARNING:Xst:1895 - Due to other FF/Latch trimming, FF/Latch <intData/regi/R6/Dout_3> (without init value) has a constant value of 0 in block <topLevel>. This FF/Latch will be trimmed during the optimization process.
WARNING:Xst:1895 - Due to other FF/Latch trimming, FF/Latch <intData/regi/R6/Dout_2> (without init value) has a constant value of 0 in block <topLevel>. This FF/Latch will be trimmed during the optimization process.
WARNING:Xst:1895 - Due to other FF/Latch trimming, FF/Latch <intData/regi/R6/Dout_1> (without init value) has a constant value of 0 in block <topLevel>. This FF/Latch will be trimmed during the optimization process.
WARNING:Xst:1895 - Due to other FF/Latch trimming, FF/Latch <intData/regi/R6/Dout_0> (without init value) has a constant value of 0 in block <topLevel>. This FF/Latch will be trimmed during the optimization process.
WARNING:Xst:1895 - Due to other FF/Latch trimming, FF/Latch <intData/regi/R7/Dout_15> (without init value) has a constant value of 0 in block <topLevel>. This FF/Latch will be trimmed during the optimization process.
WARNING:Xst:1895 - Due to other FF/Latch trimming, FF/Latch <intData/regi/R7/Dout_14> (without init value) has a constant value of 0 in block <topLevel>. This FF/Latch will be trimmed during the optimization process.
WARNING:Xst:1895 - Due to other FF/Latch trimming, FF/Latch <intData/regi/R7/Dout_13> (without init value) has a constant value of 0 in block <topLevel>. This FF/Latch will be trimmed during the optimization process.
WARNING:Xst:1895 - Due to other FF/Latch trimming, FF/Latch <intData/regi/R7/Dout_12> (without init value) has a constant value of 0 in block <topLevel>. This FF/Latch will be trimmed during the optimization process.
WARNING:Xst:1895 - Due to other FF/Latch trimming, FF/Latch <intData/regi/R7/Dout_11> (without init value) has a constant value of 0 in block <topLevel>. This FF/Latch will be trimmed during the optimization process.
WARNING:Xst:1895 - Due to other FF/Latch trimming, FF/Latch <intData/regi/R7/Dout_10> (without init value) has a constant value of 0 in block <topLevel>. This FF/Latch will be trimmed during the optimization process.
WARNING:Xst:1895 - Due to other FF/Latch trimming, FF/Latch <intData/regi/R7/Dout_9> (without init value) has a constant value of 0 in block <topLevel>. This FF/Latch will be trimmed during the optimization process.
WARNING:Xst:1895 - Due to other FF/Latch trimming, FF/Latch <intData/regi/R7/Dout_8> (without init value) has a constant value of 0 in block <topLevel>. This FF/Latch will be trimmed during the optimization process.
WARNING:Xst:1895 - Due to other FF/Latch trimming, FF/Latch <intData/regi/R7/Dout_7> (without init value) has a constant value of 0 in block <topLevel>. This FF/Latch will be trimmed during the optimization process.
WARNING:Xst:1895 - Due to other FF/Latch trimming, FF/Latch <intData/regi/R7/Dout_6> (without init value) has a constant value of 0 in block <topLevel>. This FF/Latch will be trimmed during the optimization process.
WARNING:Xst:1895 - Due to other FF/Latch trimming, FF/Latch <intData/regi/R7/Dout_5> (without init value) has a constant value of 0 in block <topLevel>. This FF/Latch will be trimmed during the optimization process.
WARNING:Xst:1895 - Due to other FF/Latch trimming, FF/Latch <intData/regi/R7/Dout_4> (without init value) has a constant value of 0 in block <topLevel>. This FF/Latch will be trimmed during the optimization process.
WARNING:Xst:1895 - Due to other FF/Latch trimming, FF/Latch <intData/regi/R7/Dout_3> (without init value) has a constant value of 0 in block <topLevel>. This FF/Latch will be trimmed during the optimization process.
WARNING:Xst:1895 - Due to other FF/Latch trimming, FF/Latch <intData/regi/R7/Dout_2> (without init value) has a constant value of 0 in block <topLevel>. This FF/Latch will be trimmed during the optimization process.
WARNING:Xst:1895 - Due to other FF/Latch trimming, FF/Latch <intData/regi/R7/Dout_1> (without init value) has a constant value of 0 in block <topLevel>. This FF/Latch will be trimmed during the optimization process.
WARNING:Xst:1895 - Due to other FF/Latch trimming, FF/Latch <intData/regi/R7/Dout_0> (without init value) has a constant value of 0 in block <topLevel>. This FF/Latch will be trimmed during the optimization process.
WARNING:Xst:1895 - Due to other FF/Latch trimming, FF/Latch <intData/regi/R4/Dout_15> (without init value) has a constant value of 0 in block <topLevel>. This FF/Latch will be trimmed during the optimization process.
WARNING:Xst:1895 - Due to other FF/Latch trimming, FF/Latch <intData/regi/R4/Dout_14> (without init value) has a constant value of 0 in block <topLevel>. This FF/Latch will be trimmed during the optimization process.
WARNING:Xst:1895 - Due to other FF/Latch trimming, FF/Latch <intData/regi/R4/Dout_13> (without init value) has a constant value of 0 in block <topLevel>. This FF/Latch will be trimmed during the optimization process.
WARNING:Xst:1895 - Due to other FF/Latch trimming, FF/Latch <intData/regi/R4/Dout_12> (without init value) has a constant value of 0 in block <topLevel>. This FF/Latch will be trimmed during the optimization process.
WARNING:Xst:1895 - Due to other FF/Latch trimming, FF/Latch <intData/regi/R4/Dout_11> (without init value) has a constant value of 0 in block <topLevel>. This FF/Latch will be trimmed during the optimization process.
WARNING:Xst:1895 - Due to other FF/Latch trimming, FF/Latch <intData/regi/R4/Dout_10> (without init value) has a constant value of 0 in block <topLevel>. This FF/Latch will be trimmed during the optimization process.
WARNING:Xst:1895 - Due to other FF/Latch trimming, FF/Latch <intData/regi/R4/Dout_9> (without init value) has a constant value of 0 in block <topLevel>. This FF/Latch will be trimmed during the optimization process.
WARNING:Xst:1895 - Due to other FF/Latch trimming, FF/Latch <intData/regi/R4/Dout_8> (without init value) has a constant value of 0 in block <topLevel>. This FF/Latch will be trimmed during the optimization process.
WARNING:Xst:1895 - Due to other FF/Latch trimming, FF/Latch <intData/regi/R4/Dout_7> (without init value) has a constant value of 0 in block <topLevel>. This FF/Latch will be trimmed during the optimization process.
WARNING:Xst:1895 - Due to other FF/Latch trimming, FF/Latch <intData/regi/R4/Dout_6> (without init value) has a constant value of 0 in block <topLevel>. This FF/Latch will be trimmed during the optimization process.
WARNING:Xst:1895 - Due to other FF/Latch trimming, FF/Latch <intData/regi/R4/Dout_5> (without init value) has a constant value of 0 in block <topLevel>. This FF/Latch will be trimmed during the optimization process.
WARNING:Xst:1895 - Due to other FF/Latch trimming, FF/Latch <intData/regi/R4/Dout_4> (without init value) has a constant value of 0 in block <topLevel>. This FF/Latch will be trimmed during the optimization process.
WARNING:Xst:1895 - Due to other FF/Latch trimming, FF/Latch <intData/regi/R4/Dout_3> (without init value) has a constant value of 0 in block <topLevel>. This FF/Latch will be trimmed during the optimization process.
WARNING:Xst:1895 - Due to other FF/Latch trimming, FF/Latch <intData/regi/R4/Dout_2> (without init value) has a constant value of 0 in block <topLevel>. This FF/Latch will be trimmed during the optimization process.
WARNING:Xst:1895 - Due to other FF/Latch trimming, FF/Latch <intData/regi/R4/Dout_1> (without init value) has a constant value of 0 in block <topLevel>. This FF/Latch will be trimmed during the optimization process.
WARNING:Xst:1895 - Due to other FF/Latch trimming, FF/Latch <intData/regi/R4/Dout_0> (without init value) has a constant value of 0 in block <topLevel>. This FF/Latch will be trimmed during the optimization process.
WARNING:Xst:1895 - Due to other FF/Latch trimming, FF/Latch <intData/regi/R5/Dout_15> (without init value) has a constant value of 0 in block <topLevel>. This FF/Latch will be trimmed during the optimization process.
WARNING:Xst:1895 - Due to other FF/Latch trimming, FF/Latch <intData/regi/R5/Dout_14> (without init value) has a constant value of 0 in block <topLevel>. This FF/Latch will be trimmed during the optimization process.
WARNING:Xst:1895 - Due to other FF/Latch trimming, FF/Latch <intData/regi/R5/Dout_13> (without init value) has a constant value of 0 in block <topLevel>. This FF/Latch will be trimmed during the optimization process.
WARNING:Xst:1895 - Due to other FF/Latch trimming, FF/Latch <intData/regi/R5/Dout_12> (without init value) has a constant value of 0 in block <topLevel>. This FF/Latch will be trimmed during the optimization process.
WARNING:Xst:1895 - Due to other FF/Latch trimming, FF/Latch <intData/regi/R5/Dout_11> (without init value) has a constant value of 0 in block <topLevel>. This FF/Latch will be trimmed during the optimization process.
WARNING:Xst:1895 - Due to other FF/Latch trimming, FF/Latch <intData/regi/R5/Dout_10> (without init value) has a constant value of 0 in block <topLevel>. This FF/Latch will be trimmed during the optimization process.
WARNING:Xst:1895 - Due to other FF/Latch trimming, FF/Latch <intData/regi/R5/Dout_9> (without init value) has a constant value of 0 in block <topLevel>. This FF/Latch will be trimmed during the optimization process.
WARNING:Xst:1895 - Due to other FF/Latch trimming, FF/Latch <intData/regi/R5/Dout_8> (without init value) has a constant value of 0 in block <topLevel>. This FF/Latch will be trimmed during the optimization process.
WARNING:Xst:1895 - Due to other FF/Latch trimming, FF/Latch <intData/regi/R5/Dout_7> (without init value) has a constant value of 0 in block <topLevel>. This FF/Latch will be trimmed during the optimization process.
WARNING:Xst:1895 - Due to other FF/Latch trimming, FF/Latch <intData/regi/R5/Dout_6> (without init value) has a constant value of 0 in block <topLevel>. This FF/Latch will be trimmed during the optimization process.
WARNING:Xst:1895 - Due to other FF/Latch trimming, FF/Latch <intData/regi/R5/Dout_5> (without init value) has a constant value of 0 in block <topLevel>. This FF/Latch will be trimmed during the optimization process.
WARNING:Xst:1895 - Due to other FF/Latch trimming, FF/Latch <intData/regi/R5/Dout_4> (without init value) has a constant value of 0 in block <topLevel>. This FF/Latch will be trimmed during the optimization process.
WARNING:Xst:1895 - Due to other FF/Latch trimming, FF/Latch <intData/regi/R5/Dout_3> (without init value) has a constant value of 0 in block <topLevel>. This FF/Latch will be trimmed during the optimization process.
WARNING:Xst:1895 - Due to other FF/Latch trimming, FF/Latch <intData/regi/R5/Dout_2> (without init value) has a constant value of 0 in block <topLevel>. This FF/Latch will be trimmed during the optimization process.
WARNING:Xst:1895 - Due to other FF/Latch trimming, FF/Latch <intData/regi/R5/Dout_1> (without init value) has a constant value of 0 in block <topLevel>. This FF/Latch will be trimmed during the optimization process.
WARNING:Xst:1895 - Due to other FF/Latch trimming, FF/Latch <intData/regi/R5/Dout_0> (without init value) has a constant value of 0 in block <topLevel>. This FF/Latch will be trimmed during the optimization process.

Mapping all equations...
Building and optimizing final netlist ...
Found area constraint ratio of 100 (+ 5) on block topLevel, actual ratio is 5.

Final Macro Processing ...

=========================================================================
Final Register Report

Macro Statistics
# Registers                                            : 95
 Flip-Flops                                            : 95

=========================================================================

=========================================================================
*                           Partition Report                            *
=========================================================================

Partition Implementation Status
-------------------------------

  No Partitions were found in this design.

-------------------------------

=========================================================================
*                            Final Report                               *
=========================================================================
Final Results
RTL Top Level Output File Name     : topLevel.ngr
Top Level Output File Name         : topLevel
Output Format                      : NGC
Optimization Goal                  : Speed
Keep Hierarchy                     : No

Design Statistics
# IOs                              : 27

Cell Usage :
# BELS                             : 629
#      GND                         : 1
#      INV                         : 25
#      LUT1                        : 10
#      LUT2                        : 42
#      LUT3                        : 142
#      LUT3_D                      : 8
#      LUT4                        : 119
#      LUT4_D                      : 1
#      MUXCY                       : 102
#      MUXF5                       : 80
#      VCC                         : 1
#      XORCY                       : 98
# FlipFlops/Latches                : 95
#      FDC                         : 29
#      FDCE                        : 65
#      FDP                         : 1
# Clock Buffers                    : 2
#      BUFG                        : 1
#      BUFGP                       : 1
# IO Buffers                       : 26
#      IBUF                        : 12
#      OBUF                        : 14
=========================================================================

Device utilization summary:
---------------------------

Selected Device : 3s500efg320-5 

 Number of Slices:                      181  out of   4656     3%  
 Number of Slice Flip Flops:             95  out of   9312     1%  
 Number of 4 input LUTs:                347  out of   9312     3%  
 Number of IOs:                          27
 Number of bonded IOBs:                  27  out of    232    11%  
 Number of GCLKs:                         2  out of     24     8%  

---------------------------
Partition Resource Summary:
---------------------------

  No Partitions were found in this design.

---------------------------


=========================================================================
TIMING REPORT

NOTE: THESE TIMING NUMBERS ARE ONLY A SYNTHESIS ESTIMATE.
      FOR ACCURATE TIMING INFORMATION PLEASE REFER TO THE TRACE REPORT
      GENERATED AFTER PLACE-and-ROUTE.

Clock Information:
------------------
-----------------------------------+-----------------------------------------------+-------+
Clock Signal                       | Clock buffer(FF name)                         | Load  |
-----------------------------------+-----------------------------------------------+-------+
clk                                | BUFGP                                         | 27    |
display/LED_clk/clk_out            | NONE(display/LED_contr/present_state_FSM_FFd4)| 4     |
clk_out1(debouce/Dout20:O)         | BUFG(*)(intData/regi/R0/Dout_15)              | 64    |
-----------------------------------+-----------------------------------------------+-------+
(*) This 1 clock signal(s) are generated by combinatorial logic,
and XST is not able to identify which are the primary clock signals.
Please use the CLOCK_SIGNAL constraint to specify the clock signal(s) generated by combinatorial logic.
INFO:Xst:2169 - HDL ADVISOR - Some clock signals were not automatically buffered by XST with BUFG/BUFR resources. Please use the buffer_type constraint in order to insert these buffers to the clock signals to help prevent skew problems.

Asynchronous Control Signals Information:
----------------------------------------
-----------------------------------+------------------------+-------+
Control Signal                     | Buffer(FF name)        | Load  |
-----------------------------------+------------------------+-------+
reset                              | IBUF                   | 95    |
-----------------------------------+------------------------+-------+

Timing Summary:
---------------
Speed Grade: -5

   Minimum period: 8.962ns (Maximum Frequency: 111.587MHz)
   Minimum input arrival time before clock: 10.321ns
   Maximum output required time after clock: 15.476ns
   Maximum combinational path delay: 16.835ns

Timing Detail:
--------------
All values displayed in nanoseconds (ns)

=========================================================================
Timing constraint: Default period analysis for Clock 'clk'
  Clock period: 6.423ns (frequency: 155.684MHz)
  Total number of paths / destination ports: 2135 / 27
-------------------------------------------------------------------------
Delay:               6.423ns (Levels of Logic = 26)
  Source:            display/LED_clk/count_3 (FF)
  Destination:       display/LED_clk/count_15 (FF)
  Source Clock:      clk rising
  Destination Clock: clk rising

  Data Path: display/LED_clk/count_3 to display/LED_clk/count_15
                                Gate     Net
    Cell:in->out      fanout   Delay   Delay  Logical Name (Net Name)
    ----------------------------------------  ------------
     FDC:C->Q              2   0.514   0.532  display/LED_clk/count_3 (display/LED_clk/count_3)
     LUT1:I0->O            1   0.612   0.000  display/LED_clk/Mcompar_count_cmp_ge0000_cy<0>_rt (display/LED_clk/Mcompar_count_cmp_ge0000_cy<0>_rt)
     MUXCY:S->O            1   0.404   0.000  display/LED_clk/Mcompar_count_cmp_ge0000_cy<0> (display/LED_clk/Mcompar_count_cmp_ge0000_cy<0>)
     MUXCY:CI->O           1   0.051   0.000  display/LED_clk/Mcompar_count_cmp_ge0000_cy<1> (display/LED_clk/Mcompar_count_cmp_ge0000_cy<1>)
     MUXCY:CI->O           1   0.051   0.000  display/LED_clk/Mcompar_count_cmp_ge0000_cy<2> (display/LED_clk/Mcompar_count_cmp_ge0000_cy<2>)
     MUXCY:CI->O           1   0.051   0.000  display/LED_clk/Mcompar_count_cmp_ge0000_cy<3> (display/LED_clk/Mcompar_count_cmp_ge0000_cy<3>)
     MUXCY:CI->O           1   0.051   0.000  display/LED_clk/Mcompar_count_cmp_ge0000_cy<4> (display/LED_clk/Mcompar_count_cmp_ge0000_cy<4>)
     MUXCY:CI->O           1   0.051   0.000  display/LED_clk/Mcompar_count_cmp_ge0000_cy<5> (display/LED_clk/Mcompar_count_cmp_ge0000_cy<5>)
     MUXCY:CI->O           1   0.051   0.000  display/LED_clk/Mcompar_count_cmp_ge0000_cy<6> (display/LED_clk/Mcompar_count_cmp_ge0000_cy<6>)
     MUXCY:CI->O          18   0.288   1.060  display/LED_clk/Mcompar_count_cmp_ge0000_cy<7> (display/LED_clk/count_cmp_ge0000)
     LUT3:I0->O            1   0.612   0.000  display/LED_clk/Mcount_count_lut<0> (display/LED_clk/Mcount_count_lut<0>)
     MUXCY:S->O            1   0.404   0.000  display/LED_clk/Mcount_count_cy<0> (display/LED_clk/Mcount_count_cy<0>)
     MUXCY:CI->O           1   0.051   0.000  display/LED_clk/Mcount_count_cy<1> (display/LED_clk/Mcount_count_cy<1>)
     MUXCY:CI->O           1   0.051   0.000  display/LED_clk/Mcount_count_cy<2> (display/LED_clk/Mcount_count_cy<2>)
     MUXCY:CI->O           1   0.051   0.000  display/LED_clk/Mcount_count_cy<3> (display/LED_clk/Mcount_count_cy<3>)
     MUXCY:CI->O           1   0.051   0.000  display/LED_clk/Mcount_count_cy<4> (display/LED_clk/Mcount_count_cy<4>)
     MUXCY:CI->O           1   0.051   0.000  display/LED_clk/Mcount_count_cy<5> (display/LED_clk/Mcount_count_cy<5>)
     MUXCY:CI->O           1   0.051   0.000  display/LED_clk/Mcount_count_cy<6> (display/LED_clk/Mcount_count_cy<6>)
     MUXCY:CI->O           1   0.051   0.000  display/LED_clk/Mcount_count_cy<7> (display/LED_clk/Mcount_count_cy<7>)
     MUXCY:CI->O           1   0.051   0.000  display/LED_clk/Mcount_count_cy<8> (display/LED_clk/Mcount_count_cy<8>)
     MUXCY:CI->O           1   0.051   0.000  display/LED_clk/Mcount_count_cy<9> (display/LED_clk/Mcount_count_cy<9>)
     MUXCY:CI->O           1   0.051   0.000  display/LED_clk/Mcount_count_cy<10> (display/LED_clk/Mcount_count_cy<10>)
     MUXCY:CI->O           1   0.051   0.000  display/LED_clk/Mcount_count_cy<11> (display/LED_clk/Mcount_count_cy<11>)
     MUXCY:CI->O           1   0.051   0.000  display/LED_clk/Mcount_count_cy<12> (display/LED_clk/Mcount_count_cy<12>)
     MUXCY:CI->O           1   0.051   0.000  display/LED_clk/Mcount_count_cy<13> (display/LED_clk/Mcount_count_cy<13>)
     MUXCY:CI->O           0   0.051   0.000  display/LED_clk/Mcount_count_cy<14> (display/LED_clk/Mcount_count_cy<14>)
     XORCY:CI->O           1   0.699   0.000  display/LED_clk/Mcount_count_xor<15> (display/LED_clk/Mcount_count15)
     FDC:D                     0.268          display/LED_clk/count_15
    ----------------------------------------
    Total                      6.423ns (4.831ns logic, 1.592ns route)
                                       (75.2% logic, 24.8% route)

=========================================================================
Timing constraint: Default period analysis for Clock 'display/LED_clk/clk_out'
  Clock period: 1.575ns (frequency: 634.900MHz)
  Total number of paths / destination ports: 4 / 4
-------------------------------------------------------------------------
Delay:               1.575ns (Levels of Logic = 0)
  Source:            display/LED_contr/present_state_FSM_FFd1 (FF)
  Destination:       display/LED_contr/present_state_FSM_FFd4 (FF)
  Source Clock:      display/LED_clk/clk_out rising
  Destination Clock: display/LED_clk/clk_out rising

  Data Path: display/LED_contr/present_state_FSM_FFd1 to display/LED_contr/present_state_FSM_FFd4
                                Gate     Net
    Cell:in->out      fanout   Delay   Delay  Logical Name (Net Name)
    ----------------------------------------  ------------
     FDC:C->Q             11   0.514   0.793  display/LED_contr/present_state_FSM_FFd1 (display/LED_contr/present_state_FSM_FFd1)
     FDP:D                     0.268          display/LED_contr/present_state_FSM_FFd4
    ----------------------------------------
    Total                      1.575ns (0.782ns logic, 0.793ns route)
                                       (49.6% logic, 50.4% route)

=========================================================================
Timing constraint: Default period analysis for Clock 'clk_out1'
  Clock period: 8.962ns (frequency: 111.587MHz)
  Total number of paths / destination ports: 22192 / 64
-------------------------------------------------------------------------
Delay:               8.962ns (Levels of Logic = 15)
  Source:            intData/regi/R1/Dout_0 (FF)
  Destination:       intData/regi/R0/Dout_7 (FF)
  Source Clock:      clk_out1 rising
  Destination Clock: clk_out1 rising

  Data Path: intData/regi/R1/Dout_0 to intData/regi/R0/Dout_7
                                Gate     Net
    Cell:in->out      fanout   Delay   Delay  Logical Name (Net Name)
    ----------------------------------------  ------------
     FDCE:C->Q             2   0.514   0.449  intData/regi/R1/Dout_0 (intData/regi/R1/Dout_0)
     LUT3:I1->O            4   0.612   0.502  intData/S_muxed<0>29 (intData/S_muxed<0>29)
     LUT4:I3->O            7   0.612   0.671  intData/S_muxed<0>39 (intData/S_muxed<0>)
     LUT2:I1->O            1   0.612   0.000  intData/alu/Madd_AUX_3_addsub0000_lut<0>1 (intData/alu/Madd_AUX_3_addsub0000_lut<0>1)
     MUXCY:S->O            1   0.404   0.000  intData/alu/Madd_AUX_3_addsub0000_cy<0> (intData/alu/Madd_AUX_3_addsub0000_cy<0>)
     MUXCY:CI->O           1   0.051   0.000  intData/alu/Madd_AUX_3_addsub0000_cy<1> (intData/alu/Madd_AUX_3_addsub0000_cy<1>)
     MUXCY:CI->O           1   0.051   0.000  intData/alu/Madd_AUX_3_addsub0000_cy<2> (intData/alu/Madd_AUX_3_addsub0000_cy<2>)
     MUXCY:CI->O           1   0.051   0.000  intData/alu/Madd_AUX_3_addsub0000_cy<3> (intData/alu/Madd_AUX_3_addsub0000_cy<3>)
     MUXCY:CI->O           1   0.051   0.000  intData/alu/Madd_AUX_3_addsub0000_cy<4> (intData/alu/Madd_AUX_3_addsub0000_cy<4>)
     MUXCY:CI->O           1   0.051   0.000  intData/alu/Madd_AUX_3_addsub0000_cy<5> (intData/alu/Madd_AUX_3_addsub0000_cy<5>)
     MUXCY:CI->O           1   0.051   0.000  intData/alu/Madd_AUX_3_addsub0000_cy<6> (intData/alu/Madd_AUX_3_addsub0000_cy<6>)
     XORCY:CI->O           1   0.699   0.426  intData/alu/Madd_AUX_3_addsub0000_xor<7> (intData/alu/AUX_3_addsub0000<7>)
     LUT3:I1->O            1   0.612   0.360  intData/alu/Alu_OP<3>_825 (intData/alu/Alu_OP<3>_825)
     LUT4:I3->O            1   0.612   0.000  intData/alu/Alu_OP<3>1349_F (N82)
     MUXF5:I0->O           2   0.278   0.410  intData/alu/Alu_OP<3>1349 (intData/alu/Alu_OP<3>1349)
     LUT3:I2->O            5   0.612   0.000  intData/alu/Alu_OP<3>1351 (alu_out<7>)
     FDCE:D                    0.268          intData/regi/R0/Dout_7
    ----------------------------------------
    Total                      8.962ns (6.144ns logic, 2.818ns route)
                                       (68.6% logic, 31.4% route)

=========================================================================
Timing constraint: Default OFFSET IN BEFORE for Clock 'clk'
  Total number of paths / destination ports: 1 / 1
-------------------------------------------------------------------------
Offset:              1.731ns (Levels of Logic = 1)
  Source:            we (PAD)
  Destination:       debouce/q0 (FF)
  Destination Clock: clk rising

  Data Path: we to debouce/q0
                                Gate     Net
    Cell:in->out      fanout   Delay   Delay  Logical Name (Net Name)
    ----------------------------------------  ------------
     IBUF:I->O             1   1.106   0.357  we_IBUF (we_IBUF)
     FDC:D                     0.268          debouce/q0
    ----------------------------------------
    Total                      1.731ns (1.374ns logic, 0.357ns route)
                                       (79.4% logic, 20.6% route)

=========================================================================
Timing constraint: Default OFFSET IN BEFORE for Clock 'clk_out1'
  Total number of paths / destination ports: 22844 / 128
-------------------------------------------------------------------------
Offset:              10.321ns (Levels of Logic = 16)
  Source:            s_adr<1> (PAD)
  Destination:       intData/regi/R0/Dout_7 (FF)
  Destination Clock: clk_out1 rising

  Data Path: s_adr<1> to intData/regi/R0/Dout_7
                                Gate     Net
    Cell:in->out      fanout   Delay   Delay  Logical Name (Net Name)
    ----------------------------------------  ------------
     IBUF:I->O            24   1.106   1.216  s_adr_1_IBUF (s_adr_1_IBUF)
     LUT3:I0->O            4   0.612   0.502  intData/S_muxed<0>29 (intData/S_muxed<0>29)
     LUT4:I3->O            7   0.612   0.671  intData/S_muxed<0>39 (intData/S_muxed<0>)
     LUT2:I1->O            1   0.612   0.000  intData/alu/Madd_AUX_3_addsub0000_lut<0>1 (intData/alu/Madd_AUX_3_addsub0000_lut<0>1)
     MUXCY:S->O            1   0.404   0.000  intData/alu/Madd_AUX_3_addsub0000_cy<0> (intData/alu/Madd_AUX_3_addsub0000_cy<0>)
     MUXCY:CI->O           1   0.051   0.000  intData/alu/Madd_AUX_3_addsub0000_cy<1> (intData/alu/Madd_AUX_3_addsub0000_cy<1>)
     MUXCY:CI->O           1   0.051   0.000  intData/alu/Madd_AUX_3_addsub0000_cy<2> (intData/alu/Madd_AUX_3_addsub0000_cy<2>)
     MUXCY:CI->O           1   0.051   0.000  intData/alu/Madd_AUX_3_addsub0000_cy<3> (intData/alu/Madd_AUX_3_addsub0000_cy<3>)
     MUXCY:CI->O           1   0.051   0.000  intData/alu/Madd_AUX_3_addsub0000_cy<4> (intData/alu/Madd_AUX_3_addsub0000_cy<4>)
     MUXCY:CI->O           1   0.051   0.000  intData/alu/Madd_AUX_3_addsub0000_cy<5> (intData/alu/Madd_AUX_3_addsub0000_cy<5>)
     MUXCY:CI->O           1   0.051   0.000  intData/alu/Madd_AUX_3_addsub0000_cy<6> (intData/alu/Madd_AUX_3_addsub0000_cy<6>)
     XORCY:CI->O           1   0.699   0.426  intData/alu/Madd_AUX_3_addsub0000_xor<7> (intData/alu/AUX_3_addsub0000<7>)
     LUT3:I1->O            1   0.612   0.360  intData/alu/Alu_OP<3>_825 (intData/alu/Alu_OP<3>_825)
     LUT4:I3->O            1   0.612   0.000  intData/alu/Alu_OP<3>1349_F (N82)
     MUXF5:I0->O           2   0.278   0.410  intData/alu/Alu_OP<3>1349 (intData/alu/Alu_OP<3>1349)
     LUT3:I2->O            5   0.612   0.000  intData/alu/Alu_OP<3>1351 (alu_out<7>)
     FDCE:D                    0.268          intData/regi/R0/Dout_7
    ----------------------------------------
    Total                     10.321ns (6.736ns logic, 3.585ns route)
                                       (65.3% logic, 34.7% route)

=========================================================================
Timing constraint: Default OFFSET OUT AFTER for Clock 'clk_out1'
  Total number of paths / destination ports: 19428 / 10
-------------------------------------------------------------------------
Offset:              15.476ns (Levels of Logic = 18)
  Source:            intData/regi/R1/Dout_0 (FF)
  Destination:       Z (PAD)
  Source Clock:      clk_out1 rising

  Data Path: intData/regi/R1/Dout_0 to Z
                                Gate     Net
    Cell:in->out      fanout   Delay   Delay  Logical Name (Net Name)
    ----------------------------------------  ------------
     FDCE:C->Q             2   0.514   0.449  intData/regi/R1/Dout_0 (intData/regi/R1/Dout_0)
     LUT3:I1->O            4   0.612   0.502  intData/S_muxed<0>29 (intData/S_muxed<0>29)
     LUT4:I3->O            7   0.612   0.671  intData/S_muxed<0>39 (intData/S_muxed<0>)
     LUT2:I1->O            1   0.612   0.000  intData/alu/Madd_AUX_3_addsub0000_lut<0>1 (intData/alu/Madd_AUX_3_addsub0000_lut<0>1)
     MUXCY:S->O            1   0.404   0.000  intData/alu/Madd_AUX_3_addsub0000_cy<0> (intData/alu/Madd_AUX_3_addsub0000_cy<0>)
     MUXCY:CI->O           1   0.052   0.000  intData/alu/Madd_AUX_3_addsub0000_cy<1> (intData/alu/Madd_AUX_3_addsub0000_cy<1>)
     MUXCY:CI->O           1   0.052   0.000  intData/alu/Madd_AUX_3_addsub0000_cy<2> (intData/alu/Madd_AUX_3_addsub0000_cy<2>)
     MUXCY:CI->O           1   0.052   0.000  intData/alu/Madd_AUX_3_addsub0000_cy<3> (intData/alu/Madd_AUX_3_addsub0000_cy<3>)
     MUXCY:CI->O           1   0.052   0.000  intData/alu/Madd_AUX_3_addsub0000_cy<4> (intData/alu/Madd_AUX_3_addsub0000_cy<4>)
     MUXCY:CI->O           1   0.052   0.000  intData/alu/Madd_AUX_3_addsub0000_cy<5> (intData/alu/Madd_AUX_3_addsub0000_cy<5>)
     XORCY:CI->O           1   0.699   0.426  intData/alu/Madd_AUX_3_addsub0000_xor<6> (intData/alu/AUX_3_addsub0000<6>)
     LUT3:I1->O            1   0.612   0.360  intData/alu/Alu_OP<3>_823 (intData/alu/Alu_OP<3>_823)
     LUT4:I3->O            1   0.612   0.000  intData/alu/Alu_OP<3>1249_F (N84)
     MUXF5:I0->O           1   0.278   0.387  intData/alu/Alu_OP<3>1249 (intData/alu/Alu_OP<3>1249)
     LUT3:I2->O            6   0.612   0.599  intData/alu/Alu_OP<3>12511 (alu_out<6>)
     LUT4:I2->O            1   0.612   0.509  intData/alu/Z_cmp_eq000067 (intData/alu/Z_cmp_eq000067)
     LUT4:I0->O            1   0.612   0.387  intData/alu/Z_cmp_eq000081 (intData/alu/Z_cmp_eq000081)
     LUT3:I2->O            1   0.612   0.357  intData/alu/Z_cmp_eq000085 (Z_OBUF)
     OBUF:I->O                 3.169          Z_OBUF (Z)
    ----------------------------------------
    Total                     15.476ns (10.830ns logic, 4.646ns route)
                                       (70.0% logic, 30.0% route)

=========================================================================
Timing constraint: Default OFFSET OUT AFTER for Clock 'display/LED_clk/clk_out'
  Total number of paths / destination ports: 172 / 11
-------------------------------------------------------------------------
Offset:              8.103ns (Levels of Logic = 4)
  Source:            display/LED_contr/present_state_FSM_FFd1 (FF)
  Destination:       a (PAD)
  Source Clock:      display/LED_clk/clk_out rising

  Data Path: display/LED_contr/present_state_FSM_FFd1 to a
                                Gate     Net
    Cell:in->out      fanout   Delay   Delay  Logical Name (Net Name)
    ----------------------------------------  ------------
     FDC:C->Q             11   0.514   0.945  display/LED_contr/present_state_FSM_FFd1 (display/LED_contr/present_state_FSM_FFd1)
     LUT2:I0->O            4   0.612   0.499  display/LED_contr/present_state_FSM_Out01 (display/seg_sel<1>)
     MUXF5:S->O            7   0.641   0.754  display/Addr_mux/Mmux_ad_out_2_f5 (display/ad_out<0>)
     LUT4:I0->O            1   0.612   0.357  display/hex_module/Mrom_hex_rom0000111 (b_OBUF)
     OBUF:I->O                 3.169          b_OBUF (b)
    ----------------------------------------
    Total                      8.103ns (5.548ns logic, 2.555ns route)
                                       (68.5% logic, 31.5% route)

=========================================================================
Timing constraint: Default path analysis
  Total number of paths / destination ports: 20497 / 10
-------------------------------------------------------------------------
Delay:               16.835ns (Levels of Logic = 19)
  Source:            s_adr<1> (PAD)
  Destination:       Z (PAD)

  Data Path: s_adr<1> to Z
                                Gate     Net
    Cell:in->out      fanout   Delay   Delay  Logical Name (Net Name)
    ----------------------------------------  ------------
     IBUF:I->O            24   1.106   1.216  s_adr_1_IBUF (s_adr_1_IBUF)
     LUT3:I0->O            4   0.612   0.502  intData/S_muxed<0>29 (intData/S_muxed<0>29)
     LUT4:I3->O            7   0.612   0.671  intData/S_muxed<0>39 (intData/S_muxed<0>)
     LUT2:I1->O            1   0.612   0.000  intData/alu/Madd_AUX_3_addsub0000_lut<0>1 (intData/alu/Madd_AUX_3_addsub0000_lut<0>1)
     MUXCY:S->O            1   0.404   0.000  intData/alu/Madd_AUX_3_addsub0000_cy<0> (intData/alu/Madd_AUX_3_addsub0000_cy<0>)
     MUXCY:CI->O           1   0.052   0.000  intData/alu/Madd_AUX_3_addsub0000_cy<1> (intData/alu/Madd_AUX_3_addsub0000_cy<1>)
     MUXCY:CI->O           1   0.052   0.000  intData/alu/Madd_AUX_3_addsub0000_cy<2> (intData/alu/Madd_AUX_3_addsub0000_cy<2>)
     MUXCY:CI->O           1   0.052   0.000  intData/alu/Madd_AUX_3_addsub0000_cy<3> (intData/alu/Madd_AUX_3_addsub0000_cy<3>)
     MUXCY:CI->O           1   0.052   0.000  intData/alu/Madd_AUX_3_addsub0000_cy<4> (intData/alu/Madd_AUX_3_addsub0000_cy<4>)
     MUXCY:CI->O           1   0.052   0.000  intData/alu/Madd_AUX_3_addsub0000_cy<5> (intData/alu/Madd_AUX_3_addsub0000_cy<5>)
     XORCY:CI->O           1   0.699   0.426  intData/alu/Madd_AUX_3_addsub0000_xor<6> (intData/alu/AUX_3_addsub0000<6>)
     LUT3:I1->O            1   0.612   0.360  intData/alu/Alu_OP<3>_823 (intData/alu/Alu_OP<3>_823)
     LUT4:I3->O            1   0.612   0.000  intData/alu/Alu_OP<3>1249_F (N84)
     MUXF5:I0->O           1   0.278   0.387  intData/alu/Alu_OP<3>1249 (intData/alu/Alu_OP<3>1249)
     LUT3:I2->O            6   0.612   0.599  intData/alu/Alu_OP<3>12511 (alu_out<6>)
     LUT4:I2->O            1   0.612   0.509  intData/alu/Z_cmp_eq000067 (intData/alu/Z_cmp_eq000067)
     LUT4:I0->O            1   0.612   0.387  intData/alu/Z_cmp_eq000081 (intData/alu/Z_cmp_eq000081)
     LUT3:I2->O            1   0.612   0.357  intData/alu/Z_cmp_eq000085 (Z_OBUF)
     OBUF:I->O                 3.169          Z_OBUF (Z)
    ----------------------------------------
    Total                     16.835ns (11.422ns logic, 5.414ns route)
                                       (67.8% logic, 32.2% route)

=========================================================================


Total REAL time to Xst completion: 18.00 secs
Total CPU time to Xst completion: 17.69 secs
 
--> 

Total memory usage is 256340 kilobytes

Number of errors   :    0 (   0 filtered)
Number of warnings :  134 (   0 filtered)
Number of infos    :    2 (   0 filtered)

