#-----------------------------------------------------------
# PlanAhead v12.2
# Build 65285 by hdbuild on Wed Jun 23 14:55:19 PDT 2010
# Start of session at: Tue Nov 05 10:08:27 2013
# Process ID: 5944
# Log file: H:/CECS 301/LABS/Lab 6- Integer Data Path/IntegerDataPath/planAhead_run_2/planAhead.log
# Journal file: H:/CECS 301/LABS/Lab 6- Integer Data Path/IntegerDataPath/planAhead_run_2/planAhead.jou
#-----------------------------------------------------------
INFO: [HD-Licensing 0] Attempting to get a license: PlanAhead
INFO: [HD-Licensing 1] Got a license: PlanAhead
INFO: [HD-Licensing 3] Your PlanAhead license expires in -431 day(s)
INFO: [HD-ArchReader 0] Loading parts and site information from C:\Xilinx\12.2\ISE_DS\PlanAhead\parts\arch.xml
INFO: [HD-RTPRIM 0] Parsing RTL primitives file 'C:\Xilinx\12.2\ISE_DS\PlanAhead\parts\xilinx\rtl\prims\rtl_prims.xml'
INFO: [HD-RTPRIM 1] Finished Parsing RTL primitives file 'C:\Xilinx\12.2\ISE_DS\PlanAhead\parts\xilinx\rtl\prims\rtl_prims.xml'
source C:/Xilinx/12.2/ISE_DS/PlanAhead/scripts/sdc.tcl
start_gui -source {H:/CECS 301/LABS/Lab 6- Integer Data Path/IntegerDataPath/pa.fromNetlist.tcl}
# create_project -name IntegerDataPath -dir "H:/CECS 301/LABS/Lab 6- Integer Data Path/IntegerDataPath/planAhead_run_2" -part xc3s500efg320-5
ERROR: [HD-DB 2] Project already exists on disk, please use '-force' option to overwrite: 
     H:\CECS 301\LABS\Lab 6- Integer Data Path\IntegerDataPath\planAhead_run_2\IntegerDataPath.ppr
     H:\CECS 301\LABS\Lab 6- Integer Data Path\IntegerDataPath\planAhead_run_2\IntegerDataPath.data
exit
INFO: [HD-Application 0] Exiting PlanAhead...
INFO: [HD-Licensing 2] Releasing license: PlanAhead
